Change Component Designator: Old Designator=A? New Designator=A1
Change Component Designator: Old Designator=C? New Designator=C1
Change Component Designator: Old Designator=C? New Designator=C2
Change Component Designator: Old Designator=C? New Designator=C3
Change Component Designator: Old Designator=C? New Designator=C4
Change Component Designator: Old Designator=C? New Designator=C5
Change Component Designator: Old Designator=C? New Designator=C6
Change Component Designator: Old Designator=D? New Designator=D1
Change Component Designator: Old Designator=D? New Designator=D2
Change Component Designator: Old Designator=IC? New Designator=IC1
Change Component Designator: Old Designator=JDC New Designator=JDC1
Change Component Designator: Old Designator=LCD? New Designator=LCD1
Change Component Designator: Old Designator=LED? New Designator=LED1
Change Component Designator: Old Designator=LED? New Designator=LED2
Change Component Designator: Old Designator=P? New Designator=P1
Change Component Designator: Old Designator=P? New Designator=P2
Change Component Designator: Old Designator=P? New Designator=P3
Change Component Designator: Old Designator=Q? New Designator=Q1
Change Component Designator: Old Designator=Q? New Designator=Q2
Change Component Designator: Old Designator=R? New Designator=R1
Change Component Designator: Old Designator=R? New Designator=R2
Change Component Designator: Old Designator=R? New Designator=R3
Change Component Designator: Old Designator=R? New Designator=R4
Change Component Designator: Old Designator=R? New Designator=R5
Change Component Designator: Old Designator=R? New Designator=R6
Change Component Designator: Old Designator=R? New Designator=R7
Change Component Designator: Old Designator=RL? New Designator=RL1
Change Component Designator: Old Designator=RL? New Designator=RL2
Change Component Designator: Old Designator=SW? New Designator=SW1
Change Component Designator: Old Designator=SW? New Designator=SW2
Change Component Designator: Old Designator=SW? New Designator=SW3
Change Component Designator: Old Designator=VR? New Designator=VR1
