Removed Pin From Net: NetName=MODE Pin=SW1-2
Removed Pin From Net: NetName=MODE Pin=SW1-4
Removed Pin From Net: NetName=UP Pin=SW2-2
Removed Pin From Net: NetName=UP Pin=SW2-4
Removed Pin From Net: NetName=DOWN Pin=SW3-2
Removed Pin From Net: NetName=DOWN Pin=SW3-4
Removed Member From Class: ClassName=PCB_DoAn_DK_nhietdo_dht11_ds18b20 Member=SW1
Removed Member From Class: ClassName=PCB_DoAn_DK_nhietdo_dht11_ds18b20 Member=SW2
Removed Member From Class: ClassName=PCB_DoAn_DK_nhietdo_dht11_ds18b20 Member=SW3
Added Component: Designator=S?(BUTTON  ROUND)
Add component. Clean all parameters for all variants
Add component (AddParameter): Name = "LatestRevisionDate"; Value = "17-Jul-2002"; VariantName = "[No Variations]"
Add component (AddParameter): Name = "LatestRevisionNote"; Value = "Re-released for DXP Platform."; VariantName = "[No Variations]"
Add component (AddParameter): Name = "PackageReference"; Value = "SPST-2"; VariantName = "[No Variations]"
Add component (AddParameter): Name = "Published"; Value = "24-Mar-1999"; VariantName = "[No Variations]"
Add component (AddParameter): Name = "Publisher"; Value = "Altium Limited"; VariantName = "[No Variations]"
Added Component: Designator=S?(BUTTON  ROUND)
Add component. Clean all parameters for all variants
Add component (AddParameter): Name = "LatestRevisionDate"; Value = "17-Jul-2002"; VariantName = "[No Variations]"
Add component (AddParameter): Name = "LatestRevisionNote"; Value = "Re-released for DXP Platform."; VariantName = "[No Variations]"
Add component (AddParameter): Name = "PackageReference"; Value = "SPST-2"; VariantName = "[No Variations]"
Add component (AddParameter): Name = "Published"; Value = "24-Mar-1999"; VariantName = "[No Variations]"
Add component (AddParameter): Name = "Publisher"; Value = "Altium Limited"; VariantName = "[No Variations]"
Added Component: Designator=S?(BUTTON  ROUND)
Add component. Clean all parameters for all variants
Add component (AddParameter): Name = "LatestRevisionDate"; Value = "17-Jul-2002"; VariantName = "[No Variations]"
Add component (AddParameter): Name = "LatestRevisionNote"; Value = "Re-released for DXP Platform."; VariantName = "[No Variations]"
Add component (AddParameter): Name = "PackageReference"; Value = "SPST-2"; VariantName = "[No Variations]"
Add component (AddParameter): Name = "Published"; Value = "24-Mar-1999"; VariantName = "[No Variations]"
Add component (AddParameter): Name = "Publisher"; Value = "Altium Limited"; VariantName = "[No Variations]"
Added Pin To Net: NetName=GND Pin=C4-1
Added Pin To Net: NetName=GND Pin=C5-1
Added Pin To Net: NetName=GND Pin=C6-1
Added Pin To Net: NetName=GND Pin=S?-1
Added Pin To Net: NetName=GND Pin=S?-1
Added Pin To Net: NetName=GND Pin=S?-1
Added Pin To Net: NetName=DOWN Pin=S?-2
Added Pin To Net: NetName=MODE Pin=S?-2
Added Pin To Net: NetName=UP Pin=S?-2
Added Member To Class: ClassName=PCB_DoAn_DK_nhietdo_dht11_ds18b20 Member=Component S? SW
Added Member To Class: ClassName=PCB_DoAn_DK_nhietdo_dht11_ds18b20 Member=Component S? SW
Added Member To Class: ClassName=PCB_DoAn_DK_nhietdo_dht11_ds18b20 Member=Component S? SW
Added Room: Name=PCB_DoAn_DK_nhietdo_dht11_ds18b20
